
> ioi@0.1.0 build
> next build

▲ Next.js 16.1.6 (Turbopack)
- Environments: .env.local

  Creating an optimized production build ...
✓ Compiled successfully in 3.4s
  Running TypeScript ...
  Collecting page data using 15 workers ...
  Generating static pages using 15 workers (0/11) ...
  Generating static pages using 15 workers (2/11) 
  Generating static pages using 15 workers (5/11) 
  Generating static pages using 15 workers (8/11) 
✓ Generating static pages using 15 workers (11/11) in 934.7ms
  Finalizing page optimization ...

Route (app)
┌ ○ /
├ ○ /_not-found
├ ○ /admin
├ ○ /admin/portfolio
├ ○ /admin/portfolio/create
├ ○ /contact
├ ○ /portfolio
├ ƒ /portfolio/[id]
├ ○ /we-are
└ ○ /work


○  (Static)   prerendered as static content
ƒ  (Dynamic)  server-rendered on demand

